

Version:	3.50
CmdLine:	C:\Users\LENOVO\Documents\NetBeansProjects\pruebaBC\Bogota elige - JAR\prueba.exe --l4j-debug
JNI:		No
WOW64:		Yes
Working dir:	C:\Users\LENOVO\Documents\NetBeansProjects\pruebaBC\Bogota elige - JAR\.
Requires JDK:	No
Requires 64-Bit: No
Java min ver:	
Java max ver:	
Substitute:	JAVA_HOME = 
Substitute:	PATH = C:\app\client\LENOVO\product\12.2.0\client_1;C:\app\client\LENOVO\product\12.2.0\client_1\bin;C:\sybase\DataAccess\ADONET\dll;C:\sybase\DataAccess\OLEDB\dll;C:\sybase\DataAccess\ODBC\dll;C:\sybase\OCS-15_0\lib3p64;C:\sybase\OCS-15_0\lib3p;C:\sybase\OCS-15_0\dll;C:\sybase\OCS-15_0\bin;C:\Program Files\Common Files\Oracle\Java\javapath;C:\Program Files (x86)\Common Files\Oracle\Java\javapath;C:\WINDOWS\system32;C:\WINDOWS;C:\WINDOWS\System32\Wbem;C:\WINDOWS\System32\WindowsPowerShell\v1.0\;C:\WINDOWS\System32\OpenSSH\;C:\Program Files\nodejs\;C:\ProgramData\chocolatey\bin;C:\Users\LENOVO\AppData\Local\Microsoft\WindowsApps;C:\Users\LENOVO\AppData\Local\Programs\Microsoft VS Code\bin;C:\Users\LENOVO\AppData\Roaming\npm;C:\sybase\DBISQL\bin;C:\Program Files\Microsoft SQL Server\Client SDK\ODBC\170\Tools\Binn\;C:\Program Files (x86)\Microsoft SQL Server\150\Tools\Binn\;C:\Program Files\Microsoft SQL Server\150\Tools\Binn\;C:\Program Files\Microsoft SQL Server\150\DTS\Binn\;C:\Program Files (x86)\Microsoft SQL Server\150\DTS\Binn\;C:\Program Files\Azure Data Studio\bin;C:\WINDOWS\system32;C:\WINDOWS;C:\WINDOWS\System32\Wbem;C:\WINDOWS\System32\WindowsPowerShell\v1.0\;C:\WINDOWS\System32\OpenSSH\;C:\Program Files\Git\cmd;C:\Users\LENOVO\AppData\Local\Programs\Python\Python310;C:\Users\LENOVO\AppData\Local\Programs\Python\Python310\Scripts;C:\Program Files\MongoDB\Tools\100\bin;C:\Program Files\MySQL\MySQL Shell 8.0\bin\;C:\Users\LENOVO\AppData\Local\Programs\Python\Python310\;C:\Users\LENOVO\AppData\Local\Programs\Python\Python310\Scripts\;C:\Users\LENOVO\AppData\Local\Microsoft\WindowsApps;C:\Users\LENOVO\AppData\Local\Programs\Microsoft VS Code\bin;C:\Users\LENOVO\AppData\Roaming\npm;C:\Program Files\Azure Data Studio\bin;C:\Users\LENOVO\AppData\Local\GitHubDesktop\bin;C:\Oracle\instantclient_21_6;C:\MinGW\bin;C:\Program Files\MongoDB\Server\6.0\bin;C:\Users\LENOVO\AppData\Local\Programs\mongosh\;C:\Program Files (x86)\MongoDB Atlas CLI\;C:\Program Files\MongoDB\Tools\100\bin;;C:\Program Files\JetBrains\PyCharm Community Edition 2022.3.2\bin;;C:\Program Files (x86)\Java\jre-1.8\bin
JRE paths:	;C:\app\client\LENOVO\product\12.2.0\client_1;C:\app\client\LENOVO\product\12.2.0\client_1\bin;C:\sybase\DataAccess\ADONET\dll;C:\sybase\DataAccess\OLEDB\dll;C:\sybase\DataAccess\ODBC\dll;C:\sybase\OCS-15_0\lib3p64;C:\sybase\OCS-15_0\lib3p;C:\sybase\OCS-15_0\dll;C:\sybase\OCS-15_0\bin;C:\Program Files\Common Files\Oracle\Java\javapath;C:\Program Files (x86)\Common Files\Oracle\Java\javapath;C:\WINDOWS\system32;C:\WINDOWS;C:\WINDOWS\System32\Wbem;C:\WINDOWS\System32\WindowsPowerShell\v1.0\;C:\WINDOWS\System32\OpenSSH\;C:\Program Files\nodejs\;C:\ProgramData\chocolatey\bin;C:\Users\LENOVO\AppData\Local\Microsoft\WindowsApps;C:\Users\LENOVO\AppData\Local\Programs\Microsoft VS Code\bin;C:\Users\LENOVO\AppData\Roaming\npm;C:\sybase\DBISQL\bin;C:\Program Files\Microsoft SQL Server\Client SDK\ODBC\170\Tools\Binn\;C:\Program Files (x86)\Microsoft SQL Server\150\Tools\Binn\;C:\Program Files\Microsoft SQL Server\150\Tools\Binn\;C:\Program Files\Microsoft SQL Server\150\DTS\Binn\;C:\Program Files (x86)\Microsoft SQL Server\150\DTS\Binn\;C:\Program Files\Azure Data Studio\bin;C:\WINDOWS\system32;C:\WINDOWS;C:\WINDOWS\System32\Wbem;C:\WINDOWS\System32\WindowsPowerShell\v1.0\;C:\WINDOWS\System32\OpenSSH\;C:\Program Files\Git\cmd;C:\Users\LENOVO\AppData\Local\Programs\Python\Python310;C:\Users\LENOVO\AppData\Local\Programs\Python\Python310\Scripts;C:\Program Files\MongoDB\Tools\100\bin;C:\Program Files\MySQL\MySQL Shell 8.0\bin\;C:\Users\LENOVO\AppData\Local\Programs\Python\Python310\;C:\Users\LENOVO\AppData\Local\Programs\Python\Python310\Scripts\;C:\Users\LENOVO\AppData\Local\Microsoft\WindowsApps;C:\Users\LENOVO\AppData\Local\Programs\Microsoft VS Code\bin;C:\Users\LENOVO\AppData\Roaming\npm;C:\Program Files\Azure Data Studio\bin;C:\Users\LENOVO\AppData\Local\GitHubDesktop\bin;C:\Oracle\instantclient_21_6;C:\MinGW\bin;C:\Program Files\MongoDB\Server\6.0\bin;C:\Users\LENOVO\AppData\Local\Programs\mongosh\;C:\Program Files (x86)\MongoDB Atlas CLI\;C:\Program Files\MongoDB\Tools\100\bin;;C:\Program Files\JetBrains\PyCharm Community Edition 2022.3.2\bin;;C:\Program Files (x86)\Java\jre-1.8\bin
Check launcher:	C:\app\client\LENOVO\product\12.2.0\client_1\bin\javaw.exe (not found)
Check launcher:	C:\app\client\LENOVO\product\12.2.0\client_1\bin\javaw.exe (not found)
Check launcher:	C:\sybase\DataAccess\ADONET\dll\bin\javaw.exe (not found)
Check launcher:	C:\sybase\DataAccess\OLEDB\dll\bin\javaw.exe (not found)
Check launcher:	C:\sybase\DataAccess\ODBC\dll\bin\javaw.exe (not found)
Check launcher:	C:\sybase\OCS-15_0\lib3p64\bin\javaw.exe (not found)
Check launcher:	C:\sybase\OCS-15_0\lib3p\bin\javaw.exe (not found)
Check launcher:	C:\sybase\OCS-15_0\dll\bin\javaw.exe (not found)
Check launcher:	C:\sybase\OCS-15_0\bin\javaw.exe (not found)
Check launcher:	C:\Program Files\Common Files\Oracle\Java\javapath\bin\javaw.exe (not found)
Check launcher:	C:\Program Files (x86)\Common Files\Oracle\Java\javapath\bin\javaw.exe (not found)
Check launcher:	C:\WINDOWS\system32\bin\javaw.exe (not found)
Check launcher:	C:\WINDOWS\bin\javaw.exe (not found)
Check launcher:	C:\WINDOWS\System32\Wbem\bin\javaw.exe (not found)
Check launcher:	C:\WINDOWS\System32\WindowsPowerShell\v1.0\bin\javaw.exe (not found)
Check launcher:	C:\WINDOWS\System32\OpenSSH\bin\javaw.exe (not found)
Check launcher:	C:\Program Files\nodejs\bin\javaw.exe (not found)
Check launcher:	C:\ProgramData\chocolatey\bin\javaw.exe (not found)
Check launcher:	C:\Users\LENOVO\AppData\Local\Microsoft\WindowsApps\bin\javaw.exe (not found)
Check launcher:	C:\Users\LENOVO\AppData\Local\Programs\Microsoft VS Code\bin\javaw.exe (not found)
Check launcher:	C:\Users\LENOVO\AppData\Roaming\npm\bin\javaw.exe (not found)
Check launcher:	C:\sybase\DBISQL\bin\javaw.exe (not found)
Check launcher:	C:\Program Files\Microsoft SQL Server\Client SDK\ODBC\170\Tools\Binn\bin\javaw.exe (not found)
Check launcher:	C:\Program Files (x86)\Microsoft SQL Server\150\Tools\Binn\bin\javaw.exe (not found)
Check launcher:	C:\Program Files\Microsoft SQL Server\150\Tools\Binn\bin\javaw.exe (not found)
Check launcher:	C:\Program Files\Microsoft SQL Server\150\DTS\Binn\bin\javaw.exe (not found)
Check launcher:	C:\Program Files (x86)\Microsoft SQL Server\150\DTS\Binn\bin\javaw.exe (not found)
Check launcher:	C:\Program Files\Azure Data Studio\bin\javaw.exe (not found)
Check launcher:	C:\WINDOWS\system32\bin\javaw.exe (not found)
Check launcher:	C:\WINDOWS\bin\javaw.exe (not found)
Check launcher:	C:\WINDOWS\System32\Wbem\bin\javaw.exe (not found)
Check launcher:	C:\WINDOWS\System32\WindowsPowerShell\v1.0\bin\javaw.exe (not found)
Check launcher:	C:\WINDOWS\System32\OpenSSH\bin\javaw.exe (not found)
Check launcher:	C:\Program Files\Git\cmd\bin\javaw.exe (not found)
Check launcher:	C:\Users\LENOVO\AppData\Local\Programs\Python\Python310\bin\javaw.exe (not found)
Check launcher:	C:\Users\LENOVO\AppData\Local\Programs\Python\Python310\Scripts\bin\javaw.exe (not found)
Check launcher:	C:\Program Files\MongoDB\Tools\100\bin\javaw.exe (not found)
Check launcher:	C:\Program Files\MySQL\MySQL Shell 8.0\bin\bin\javaw.exe (not found)
Check launcher:	C:\Users\LENOVO\AppData\Local\Programs\Python\Python310\bin\javaw.exe (not found)
Check launcher:	C:\Users\LENOVO\AppData\Local\Programs\Python\Python310\Scripts\bin\javaw.exe (not found)
Check launcher:	C:\Users\LENOVO\AppData\Local\Microsoft\WindowsApps\bin\javaw.exe (not found)
Check launcher:	C:\Users\LENOVO\AppData\Local\Programs\Microsoft VS Code\bin\javaw.exe (not found)
Check launcher:	C:\Users\LENOVO\AppData\Roaming\npm\bin\javaw.exe (not found)
Check launcher:	C:\Program Files\Azure Data Studio\bin\javaw.exe (not found)
Check launcher:	C:\Users\LENOVO\AppData\Local\GitHubDesktop\bin\javaw.exe (not found)
Check launcher:	C:\Oracle\instantclient_21_6\bin\javaw.exe (not found)
Check launcher:	C:\MinGW\bin\javaw.exe (not found)
Check launcher:	C:\Program Files\MongoDB\Server\6.0\bin\javaw.exe (not found)
Check launcher:	C:\Users\LENOVO\AppData\Local\Programs\mongosh\bin\javaw.exe (not found)
Check launcher:	C:\Program Files (x86)\MongoDB Atlas CLI\bin\javaw.exe (not found)
Check launcher:	C:\Program Files\MongoDB\Tools\100\bin\javaw.exe (not found)
Check launcher:	C:\Program Files\JetBrains\PyCharm Community Edition 2022.3.2\bin\javaw.exe (not found)
Check launcher:	C:\Program Files (x86)\Java\jre-1.8\bin\javaw.exe (OK)
Version string: 1.008.000_391 / 32-Bit (OK)
Main class:	Layouts.Inicio
Info:		Classpath not defined.
Launcher:	C:\Program Files (x86)\Java\jre-1.8\bin\javaw.exe
Launcher args:	-classpath "C:\Users\LENOVO\Documents\NetBeansProjects\pruebaBC\Bogota elige - JAR\prueba.exe" Layouts.Inicio
Args length:	109/32768 chars
Exit code:	0


Version:	3.50
CmdLine:	C:\Users\LENOVO\Documents\NetBeansProjects\pruebaBC\Bogota elige - JAR\prueba.exe --l4j-debug
JNI:		No
WOW64:		Yes
Working dir:	C:\Users\LENOVO\Documents\NetBeansProjects\pruebaBC\Bogota elige - JAR\.
Requires JDK:	No
Requires 64-Bit: No
Java min ver:	
Java max ver:	
Substitute:	JAVA_HOME = 
Substitute:	PATH = C:\app\client\LENOVO\product\12.2.0\client_1;C:\app\client\LENOVO\product\12.2.0\client_1\bin;C:\sybase\DataAccess\ADONET\dll;C:\sybase\DataAccess\OLEDB\dll;C:\sybase\DataAccess\ODBC\dll;C:\sybase\OCS-15_0\lib3p64;C:\sybase\OCS-15_0\lib3p;C:\sybase\OCS-15_0\dll;C:\sybase\OCS-15_0\bin;C:\Program Files\Common Files\Oracle\Java\javapath;C:\Program Files (x86)\Common Files\Oracle\Java\javapath;C:\WINDOWS\system32;C:\WINDOWS;C:\WINDOWS\System32\Wbem;C:\WINDOWS\System32\WindowsPowerShell\v1.0\;C:\WINDOWS\System32\OpenSSH\;C:\Program Files\nodejs\;C:\ProgramData\chocolatey\bin;C:\Users\LENOVO\AppData\Local\Microsoft\WindowsApps;C:\Users\LENOVO\AppData\Local\Programs\Microsoft VS Code\bin;C:\Users\LENOVO\AppData\Roaming\npm;C:\sybase\DBISQL\bin;C:\Program Files\Microsoft SQL Server\Client SDK\ODBC\170\Tools\Binn\;C:\Program Files (x86)\Microsoft SQL Server\150\Tools\Binn\;C:\Program Files\Microsoft SQL Server\150\Tools\Binn\;C:\Program Files\Microsoft SQL Server\150\DTS\Binn\;C:\Program Files (x86)\Microsoft SQL Server\150\DTS\Binn\;C:\Program Files\Azure Data Studio\bin;C:\WINDOWS\system32;C:\WINDOWS;C:\WINDOWS\System32\Wbem;C:\WINDOWS\System32\WindowsPowerShell\v1.0\;C:\WINDOWS\System32\OpenSSH\;C:\Program Files\Git\cmd;C:\Users\LENOVO\AppData\Local\Programs\Python\Python310;C:\Users\LENOVO\AppData\Local\Programs\Python\Python310\Scripts;C:\Program Files\MongoDB\Tools\100\bin;C:\Program Files\MySQL\MySQL Shell 8.0\bin\;C:\Users\LENOVO\AppData\Local\Programs\Python\Python310\;C:\Users\LENOVO\AppData\Local\Programs\Python\Python310\Scripts\;C:\Users\LENOVO\AppData\Local\Microsoft\WindowsApps;C:\Users\LENOVO\AppData\Local\Programs\Microsoft VS Code\bin;C:\Users\LENOVO\AppData\Roaming\npm;C:\Program Files\Azure Data Studio\bin;C:\Users\LENOVO\AppData\Local\GitHubDesktop\bin;C:\Oracle\instantclient_21_6;C:\MinGW\bin;C:\Program Files\MongoDB\Server\6.0\bin;C:\Users\LENOVO\AppData\Local\Programs\mongosh\;C:\Program Files (x86)\MongoDB Atlas CLI\;C:\Program Files\MongoDB\Tools\100\bin;;C:\Program Files\JetBrains\PyCharm Community Edition 2022.3.2\bin;;C:\Program Files (x86)\Java\jre-1.8\bin
JRE paths:	;C:\app\client\LENOVO\product\12.2.0\client_1;C:\app\client\LENOVO\product\12.2.0\client_1\bin;C:\sybase\DataAccess\ADONET\dll;C:\sybase\DataAccess\OLEDB\dll;C:\sybase\DataAccess\ODBC\dll;C:\sybase\OCS-15_0\lib3p64;C:\sybase\OCS-15_0\lib3p;C:\sybase\OCS-15_0\dll;C:\sybase\OCS-15_0\bin;C:\Program Files\Common Files\Oracle\Java\javapath;C:\Program Files (x86)\Common Files\Oracle\Java\javapath;C:\WINDOWS\system32;C:\WINDOWS;C:\WINDOWS\System32\Wbem;C:\WINDOWS\System32\WindowsPowerShell\v1.0\;C:\WINDOWS\System32\OpenSSH\;C:\Program Files\nodejs\;C:\ProgramData\chocolatey\bin;C:\Users\LENOVO\AppData\Local\Microsoft\WindowsApps;C:\Users\LENOVO\AppData\Local\Programs\Microsoft VS Code\bin;C:\Users\LENOVO\AppData\Roaming\npm;C:\sybase\DBISQL\bin;C:\Program Files\Microsoft SQL Server\Client SDK\ODBC\170\Tools\Binn\;C:\Program Files (x86)\Microsoft SQL Server\150\Tools\Binn\;C:\Program Files\Microsoft SQL Server\150\Tools\Binn\;C:\Program Files\Microsoft SQL Server\150\DTS\Binn\;C:\Program Files (x86)\Microsoft SQL Server\150\DTS\Binn\;C:\Program Files\Azure Data Studio\bin;C:\WINDOWS\system32;C:\WINDOWS;C:\WINDOWS\System32\Wbem;C:\WINDOWS\System32\WindowsPowerShell\v1.0\;C:\WINDOWS\System32\OpenSSH\;C:\Program Files\Git\cmd;C:\Users\LENOVO\AppData\Local\Programs\Python\Python310;C:\Users\LENOVO\AppData\Local\Programs\Python\Python310\Scripts;C:\Program Files\MongoDB\Tools\100\bin;C:\Program Files\MySQL\MySQL Shell 8.0\bin\;C:\Users\LENOVO\AppData\Local\Programs\Python\Python310\;C:\Users\LENOVO\AppData\Local\Programs\Python\Python310\Scripts\;C:\Users\LENOVO\AppData\Local\Microsoft\WindowsApps;C:\Users\LENOVO\AppData\Local\Programs\Microsoft VS Code\bin;C:\Users\LENOVO\AppData\Roaming\npm;C:\Program Files\Azure Data Studio\bin;C:\Users\LENOVO\AppData\Local\GitHubDesktop\bin;C:\Oracle\instantclient_21_6;C:\MinGW\bin;C:\Program Files\MongoDB\Server\6.0\bin;C:\Users\LENOVO\AppData\Local\Programs\mongosh\;C:\Program Files (x86)\MongoDB Atlas CLI\;C:\Program Files\MongoDB\Tools\100\bin;;C:\Program Files\JetBrains\PyCharm Community Edition 2022.3.2\bin;;C:\Program Files (x86)\Java\jre-1.8\bin
Check launcher:	C:\app\client\LENOVO\product\12.2.0\client_1\bin\javaw.exe (not found)
Check launcher:	C:\app\client\LENOVO\product\12.2.0\client_1\bin\javaw.exe (not found)
Check launcher:	C:\sybase\DataAccess\ADONET\dll\bin\javaw.exe (not found)
Check launcher:	C:\sybase\DataAccess\OLEDB\dll\bin\javaw.exe (not found)
Check launcher:	C:\sybase\DataAccess\ODBC\dll\bin\javaw.exe (not found)
Check launcher:	C:\sybase\OCS-15_0\lib3p64\bin\javaw.exe (not found)
Check launcher:	C:\sybase\OCS-15_0\lib3p\bin\javaw.exe (not found)
Check launcher:	C:\sybase\OCS-15_0\dll\bin\javaw.exe (not found)
Check launcher:	C:\sybase\OCS-15_0\bin\javaw.exe (not found)
Check launcher:	C:\Program Files\Common Files\Oracle\Java\javapath\bin\javaw.exe (not found)
Check launcher:	C:\Program Files (x86)\Common Files\Oracle\Java\javapath\bin\javaw.exe (not found)
Check launcher:	C:\WINDOWS\system32\bin\javaw.exe (not found)
Check launcher:	C:\WINDOWS\bin\javaw.exe (not found)
Check launcher:	C:\WINDOWS\System32\Wbem\bin\javaw.exe (not found)
Check launcher:	C:\WINDOWS\System32\WindowsPowerShell\v1.0\bin\javaw.exe (not found)
Check launcher:	C:\WINDOWS\System32\OpenSSH\bin\javaw.exe (not found)
Check launcher:	C:\Program Files\nodejs\bin\javaw.exe (not found)
Check launcher:	C:\ProgramData\chocolatey\bin\javaw.exe (not found)
Check launcher:	C:\Users\LENOVO\AppData\Local\Microsoft\WindowsApps\bin\javaw.exe (not found)
Check launcher:	C:\Users\LENOVO\AppData\Local\Programs\Microsoft VS Code\bin\javaw.exe (not found)
Check launcher:	C:\Users\LENOVO\AppData\Roaming\npm\bin\javaw.exe (not found)
Check launcher:	C:\sybase\DBISQL\bin\javaw.exe (not found)
Check launcher:	C:\Program Files\Microsoft SQL Server\Client SDK\ODBC\170\Tools\Binn\bin\javaw.exe (not found)
Check launcher:	C:\Program Files (x86)\Microsoft SQL Server\150\Tools\Binn\bin\javaw.exe (not found)
Check launcher:	C:\Program Files\Microsoft SQL Server\150\Tools\Binn\bin\javaw.exe (not found)
Check launcher:	C:\Program Files\Microsoft SQL Server\150\DTS\Binn\bin\javaw.exe (not found)
Check launcher:	C:\Program Files (x86)\Microsoft SQL Server\150\DTS\Binn\bin\javaw.exe (not found)
Check launcher:	C:\Program Files\Azure Data Studio\bin\javaw.exe (not found)
Check launcher:	C:\WINDOWS\system32\bin\javaw.exe (not found)
Check launcher:	C:\WINDOWS\bin\javaw.exe (not found)
Check launcher:	C:\WINDOWS\System32\Wbem\bin\javaw.exe (not found)
Check launcher:	C:\WINDOWS\System32\WindowsPowerShell\v1.0\bin\javaw.exe (not found)
Check launcher:	C:\WINDOWS\System32\OpenSSH\bin\javaw.exe (not found)
Check launcher:	C:\Program Files\Git\cmd\bin\javaw.exe (not found)
Check launcher:	C:\Users\LENOVO\AppData\Local\Programs\Python\Python310\bin\javaw.exe (not found)
Check launcher:	C:\Users\LENOVO\AppData\Local\Programs\Python\Python310\Scripts\bin\javaw.exe (not found)
Check launcher:	C:\Program Files\MongoDB\Tools\100\bin\javaw.exe (not found)
Check launcher:	C:\Program Files\MySQL\MySQL Shell 8.0\bin\bin\javaw.exe (not found)
Check launcher:	C:\Users\LENOVO\AppData\Local\Programs\Python\Python310\bin\javaw.exe (not found)
Check launcher:	C:\Users\LENOVO\AppData\Local\Programs\Python\Python310\Scripts\bin\javaw.exe (not found)
Check launcher:	C:\Users\LENOVO\AppData\Local\Microsoft\WindowsApps\bin\javaw.exe (not found)
Check launcher:	C:\Users\LENOVO\AppData\Local\Programs\Microsoft VS Code\bin\javaw.exe (not found)
Check launcher:	C:\Users\LENOVO\AppData\Roaming\npm\bin\javaw.exe (not found)
Check launcher:	C:\Program Files\Azure Data Studio\bin\javaw.exe (not found)
Check launcher:	C:\Users\LENOVO\AppData\Local\GitHubDesktop\bin\javaw.exe (not found)
Check launcher:	C:\Oracle\instantclient_21_6\bin\javaw.exe (not found)
Check launcher:	C:\MinGW\bin\javaw.exe (not found)
Check launcher:	C:\Program Files\MongoDB\Server\6.0\bin\javaw.exe (not found)
Check launcher:	C:\Users\LENOVO\AppData\Local\Programs\mongosh\bin\javaw.exe (not found)
Check launcher:	C:\Program Files (x86)\MongoDB Atlas CLI\bin\javaw.exe (not found)
Check launcher:	C:\Program Files\MongoDB\Tools\100\bin\javaw.exe (not found)
Check launcher:	C:\Program Files\JetBrains\PyCharm Community Edition 2022.3.2\bin\javaw.exe (not found)
Check launcher:	C:\Program Files (x86)\Java\jre-1.8\bin\javaw.exe (OK)
Version string: 1.008.000_391 / 32-Bit (OK)
Main class:	Layouts.Inicio
Add classpath:	lib\javafx-swt.jar
Add classpath:	lib\javafx.base.jar
Add classpath:	lib\javafx.controls.jar
Add classpath:	lib\javafx.fxml.jar
Add classpath:	lib\javafx.graphics.jar
Add classpath:	lib\javafx.media.jar
Add classpath:	lib\javafx.swing.jar
Add classpath:	lib\javafx.web.jar
Add classpath:	lib\mysql-connector-j-8.2.0.jar
Launcher:	C:\Program Files (x86)\Java\jre-1.8\bin\javaw.exe
Launcher args:	-classpath "C:\Users\LENOVO\Documents\NetBeansProjects\pruebaBC\Bogota elige - JAR\prueba.exe;lib\javafx-swt.jar;lib\javafx.base.jar;lib\javafx.controls.jar;lib\javafx.fxml.jar;lib\javafx.graphics.jar;lib\javafx.media.jar;lib\javafx.swing.jar;lib\javafx.web.jar;lib\mysql-connector-j-8.2.0.jar" Layouts.Inicio
Args length:	309/32768 chars
Exit code:	0


Version:	3.50
CmdLine:	C:\Users\LENOVO\Documents\NetBeansProjects\pruebaBC\Bogota elige - JAR\prueba.exe --l4j-debug
JNI:		No
WOW64:		Yes
Working dir:	C:\Users\LENOVO\Documents\NetBeansProjects\pruebaBC\Bogota elige - JAR\.
Requires JDK:	No
Requires 64-Bit: No
Java min ver:	
Java max ver:	
Substitute:	JAVA_HOME = 
JRE paths:	
Error msg:	This application requires a Java Runtime Environment.
Error:		El sistema no encontró la opción de entorno especificada.



Version:	3.50
CmdLine:	C:\Users\LENOVO\Documents\NetBeansProjects\pruebaBC\Bogota elige - JAR\prueba.exe --l4j-debug
JNI:		No
WOW64:		Yes
Working dir:	C:\Users\LENOVO\Documents\NetBeansProjects\pruebaBC\Bogota elige - JAR\.
Requires JDK:	No
Requires 64-Bit: No
Java min ver:	
Java max ver:	
Substitute:	JAVA_HOME = 
JRE paths:	
Error msg:	This application requires a Java Runtime Environment.
Error:		El sistema no encontró la opción de entorno especificada.



Version:	3.50
CmdLine:	C:\Users\LENOVO\Documents\NetBeansProjects\pruebaBC\Bogota elige - JAR\prueba.exe --l4j-debug
JNI:		No
WOW64:		Yes
Working dir:	C:\Users\LENOVO\Documents\NetBeansProjects\pruebaBC\Bogota elige - JAR\.
Requires JDK:	No
Requires 64-Bit: No
Java min ver:	
Java max ver:	
Substitute:	JAVA_HOME = 
Substitute:	PATH = C:\app\client\LENOVO\product\12.2.0\client_1;C:\app\client\LENOVO\product\12.2.0\client_1\bin;C:\sybase\DataAccess\ADONET\dll;C:\sybase\DataAccess\OLEDB\dll;C:\sybase\DataAccess\ODBC\dll;C:\sybase\OCS-15_0\lib3p64;C:\sybase\OCS-15_0\lib3p;C:\sybase\OCS-15_0\dll;C:\sybase\OCS-15_0\bin;C:\Program Files\Common Files\Oracle\Java\javapath;C:\Program Files (x86)\Common Files\Oracle\Java\javapath;C:\WINDOWS\system32;C:\WINDOWS;C:\WINDOWS\System32\Wbem;C:\WINDOWS\System32\WindowsPowerShell\v1.0\;C:\WINDOWS\System32\OpenSSH\;C:\Program Files\nodejs\;C:\ProgramData\chocolatey\bin;C:\Users\LENOVO\AppData\Local\Microsoft\WindowsApps;C:\Users\LENOVO\AppData\Local\Programs\Microsoft VS Code\bin;C:\Users\LENOVO\AppData\Roaming\npm;C:\sybase\DBISQL\bin;C:\Program Files\Microsoft SQL Server\Client SDK\ODBC\170\Tools\Binn\;C:\Program Files (x86)\Microsoft SQL Server\150\Tools\Binn\;C:\Program Files\Microsoft SQL Server\150\Tools\Binn\;C:\Program Files\Microsoft SQL Server\150\DTS\Binn\;C:\Program Files (x86)\Microsoft SQL Server\150\DTS\Binn\;C:\Program Files\Azure Data Studio\bin;C:\WINDOWS\system32;C:\WINDOWS;C:\WINDOWS\System32\Wbem;C:\WINDOWS\System32\WindowsPowerShell\v1.0\;C:\WINDOWS\System32\OpenSSH\;C:\Program Files\Git\cmd;C:\Users\LENOVO\AppData\Local\Programs\Python\Python310;C:\Users\LENOVO\AppData\Local\Programs\Python\Python310\Scripts;C:\Program Files\MongoDB\Tools\100\bin;C:\Program Files\MySQL\MySQL Shell 8.0\bin\;C:\Users\LENOVO\AppData\Local\Programs\Python\Python310\;C:\Users\LENOVO\AppData\Local\Programs\Python\Python310\Scripts\;C:\Users\LENOVO\AppData\Local\Microsoft\WindowsApps;C:\Users\LENOVO\AppData\Local\Programs\Microsoft VS Code\bin;C:\Users\LENOVO\AppData\Roaming\npm;C:\Program Files\Azure Data Studio\bin;C:\Users\LENOVO\AppData\Local\GitHubDesktop\bin;C:\Oracle\instantclient_21_6;C:\MinGW\bin;C:\Program Files\MongoDB\Server\6.0\bin;C:\Users\LENOVO\AppData\Local\Programs\mongosh\;C:\Program Files (x86)\MongoDB Atlas CLI\;C:\Program Files\MongoDB\Tools\100\bin;;C:\Program Files\JetBrains\PyCharm Community Edition 2022.3.2\bin;;C:\Program Files (x86)\Java\jre-1.8\bin
JRE paths:	;C:\app\client\LENOVO\product\12.2.0\client_1;C:\app\client\LENOVO\product\12.2.0\client_1\bin;C:\sybase\DataAccess\ADONET\dll;C:\sybase\DataAccess\OLEDB\dll;C:\sybase\DataAccess\ODBC\dll;C:\sybase\OCS-15_0\lib3p64;C:\sybase\OCS-15_0\lib3p;C:\sybase\OCS-15_0\dll;C:\sybase\OCS-15_0\bin;C:\Program Files\Common Files\Oracle\Java\javapath;C:\Program Files (x86)\Common Files\Oracle\Java\javapath;C:\WINDOWS\system32;C:\WINDOWS;C:\WINDOWS\System32\Wbem;C:\WINDOWS\System32\WindowsPowerShell\v1.0\;C:\WINDOWS\System32\OpenSSH\;C:\Program Files\nodejs\;C:\ProgramData\chocolatey\bin;C:\Users\LENOVO\AppData\Local\Microsoft\WindowsApps;C:\Users\LENOVO\AppData\Local\Programs\Microsoft VS Code\bin;C:\Users\LENOVO\AppData\Roaming\npm;C:\sybase\DBISQL\bin;C:\Program Files\Microsoft SQL Server\Client SDK\ODBC\170\Tools\Binn\;C:\Program Files (x86)\Microsoft SQL Server\150\Tools\Binn\;C:\Program Files\Microsoft SQL Server\150\Tools\Binn\;C:\Program Files\Microsoft SQL Server\150\DTS\Binn\;C:\Program Files (x86)\Microsoft SQL Server\150\DTS\Binn\;C:\Program Files\Azure Data Studio\bin;C:\WINDOWS\system32;C:\WINDOWS;C:\WINDOWS\System32\Wbem;C:\WINDOWS\System32\WindowsPowerShell\v1.0\;C:\WINDOWS\System32\OpenSSH\;C:\Program Files\Git\cmd;C:\Users\LENOVO\AppData\Local\Programs\Python\Python310;C:\Users\LENOVO\AppData\Local\Programs\Python\Python310\Scripts;C:\Program Files\MongoDB\Tools\100\bin;C:\Program Files\MySQL\MySQL Shell 8.0\bin\;C:\Users\LENOVO\AppData\Local\Programs\Python\Python310\;C:\Users\LENOVO\AppData\Local\Programs\Python\Python310\Scripts\;C:\Users\LENOVO\AppData\Local\Microsoft\WindowsApps;C:\Users\LENOVO\AppData\Local\Programs\Microsoft VS Code\bin;C:\Users\LENOVO\AppData\Roaming\npm;C:\Program Files\Azure Data Studio\bin;C:\Users\LENOVO\AppData\Local\GitHubDesktop\bin;C:\Oracle\instantclient_21_6;C:\MinGW\bin;C:\Program Files\MongoDB\Server\6.0\bin;C:\Users\LENOVO\AppData\Local\Programs\mongosh\;C:\Program Files (x86)\MongoDB Atlas CLI\;C:\Program Files\MongoDB\Tools\100\bin;;C:\Program Files\JetBrains\PyCharm Community Edition 2022.3.2\bin;;C:\Program Files (x86)\Java\jre-1.8\bin
Check launcher:	C:\app\client\LENOVO\product\12.2.0\client_1\bin\javaw.exe (not found)
Check launcher:	C:\app\client\LENOVO\product\12.2.0\client_1\bin\javaw.exe (not found)
Check launcher:	C:\sybase\DataAccess\ADONET\dll\bin\javaw.exe (not found)
Check launcher:	C:\sybase\DataAccess\OLEDB\dll\bin\javaw.exe (not found)
Check launcher:	C:\sybase\DataAccess\ODBC\dll\bin\javaw.exe (not found)
Check launcher:	C:\sybase\OCS-15_0\lib3p64\bin\javaw.exe (not found)
Check launcher:	C:\sybase\OCS-15_0\lib3p\bin\javaw.exe (not found)
Check launcher:	C:\sybase\OCS-15_0\dll\bin\javaw.exe (not found)
Check launcher:	C:\sybase\OCS-15_0\bin\javaw.exe (not found)
Check launcher:	C:\Program Files\Common Files\Oracle\Java\javapath\bin\javaw.exe (not found)
Check launcher:	C:\Program Files (x86)\Common Files\Oracle\Java\javapath\bin\javaw.exe (not found)
Check launcher:	C:\WINDOWS\system32\bin\javaw.exe (not found)
Check launcher:	C:\WINDOWS\bin\javaw.exe (not found)
Check launcher:	C:\WINDOWS\System32\Wbem\bin\javaw.exe (not found)
Check launcher:	C:\WINDOWS\System32\WindowsPowerShell\v1.0\bin\javaw.exe (not found)
Check launcher:	C:\WINDOWS\System32\OpenSSH\bin\javaw.exe (not found)
Check launcher:	C:\Program Files\nodejs\bin\javaw.exe (not found)
Check launcher:	C:\ProgramData\chocolatey\bin\javaw.exe (not found)
Check launcher:	C:\Users\LENOVO\AppData\Local\Microsoft\WindowsApps\bin\javaw.exe (not found)
Check launcher:	C:\Users\LENOVO\AppData\Local\Programs\Microsoft VS Code\bin\javaw.exe (not found)
Check launcher:	C:\Users\LENOVO\AppData\Roaming\npm\bin\javaw.exe (not found)
Check launcher:	C:\sybase\DBISQL\bin\javaw.exe (not found)
Check launcher:	C:\Program Files\Microsoft SQL Server\Client SDK\ODBC\170\Tools\Binn\bin\javaw.exe (not found)
Check launcher:	C:\Program Files (x86)\Microsoft SQL Server\150\Tools\Binn\bin\javaw.exe (not found)
Check launcher:	C:\Program Files\Microsoft SQL Server\150\Tools\Binn\bin\javaw.exe (not found)
Check launcher:	C:\Program Files\Microsoft SQL Server\150\DTS\Binn\bin\javaw.exe (not found)
Check launcher:	C:\Program Files (x86)\Microsoft SQL Server\150\DTS\Binn\bin\javaw.exe (not found)
Check launcher:	C:\Program Files\Azure Data Studio\bin\javaw.exe (not found)
Check launcher:	C:\WINDOWS\system32\bin\javaw.exe (not found)
Check launcher:	C:\WINDOWS\bin\javaw.exe (not found)
Check launcher:	C:\WINDOWS\System32\Wbem\bin\javaw.exe (not found)
Check launcher:	C:\WINDOWS\System32\WindowsPowerShell\v1.0\bin\javaw.exe (not found)
Check launcher:	C:\WINDOWS\System32\OpenSSH\bin\javaw.exe (not found)
Check launcher:	C:\Program Files\Git\cmd\bin\javaw.exe (not found)
Check launcher:	C:\Users\LENOVO\AppData\Local\Programs\Python\Python310\bin\javaw.exe (not found)
Check launcher:	C:\Users\LENOVO\AppData\Local\Programs\Python\Python310\Scripts\bin\javaw.exe (not found)
Check launcher:	C:\Program Files\MongoDB\Tools\100\bin\javaw.exe (not found)
Check launcher:	C:\Program Files\MySQL\MySQL Shell 8.0\bin\bin\javaw.exe (not found)
Check launcher:	C:\Users\LENOVO\AppData\Local\Programs\Python\Python310\bin\javaw.exe (not found)
Check launcher:	C:\Users\LENOVO\AppData\Local\Programs\Python\Python310\Scripts\bin\javaw.exe (not found)
Check launcher:	C:\Users\LENOVO\AppData\Local\Microsoft\WindowsApps\bin\javaw.exe (not found)
Check launcher:	C:\Users\LENOVO\AppData\Local\Programs\Microsoft VS Code\bin\javaw.exe (not found)
Check launcher:	C:\Users\LENOVO\AppData\Roaming\npm\bin\javaw.exe (not found)
Check launcher:	C:\Program Files\Azure Data Studio\bin\javaw.exe (not found)
Check launcher:	C:\Users\LENOVO\AppData\Local\GitHubDesktop\bin\javaw.exe (not found)
Check launcher:	C:\Oracle\instantclient_21_6\bin\javaw.exe (not found)
Check launcher:	C:\MinGW\bin\javaw.exe (not found)
Check launcher:	C:\Program Files\MongoDB\Server\6.0\bin\javaw.exe (not found)
Check launcher:	C:\Users\LENOVO\AppData\Local\Programs\mongosh\bin\javaw.exe (not found)
Check launcher:	C:\Program Files (x86)\MongoDB Atlas CLI\bin\javaw.exe (not found)
Check launcher:	C:\Program Files\MongoDB\Tools\100\bin\javaw.exe (not found)
Check launcher:	C:\Program Files\JetBrains\PyCharm Community Edition 2022.3.2\bin\javaw.exe (not found)
Check launcher:	C:\Program Files (x86)\Java\jre-1.8\bin\javaw.exe (OK)
Version string: 1.008.000_391 / 32-Bit (OK)
Launcher:	C:\Program Files (x86)\Java\jre-1.8\bin\javaw.exe
Launcher args:	-jar "C:\Users\LENOVO\Documents\NetBeansProjects\pruebaBC\Bogota elige - JAR\prueba.exe"
Args length:	88/32768 chars
Exit code:	0


Version:	3.50
CmdLine:	C:\Users\LENOVO\Documents\NetBeansProjects\pruebaBC\Bogota elige - JAR\prueba.exe --l4j-debug
JNI:		No
WOW64:		Yes
Working dir:	C:\Users\LENOVO\Documents\NetBeansProjects\pruebaBC\Bogota elige - JAR\.
Requires JDK:	Yes
Requires 64-Bit: No
Java min ver:	
Java max ver:	
Substitute:	JAVA_HOME = 
Substitute:	PATH = C:\app\client\LENOVO\product\12.2.0\client_1;C:\app\client\LENOVO\product\12.2.0\client_1\bin;C:\sybase\DataAccess\ADONET\dll;C:\sybase\DataAccess\OLEDB\dll;C:\sybase\DataAccess\ODBC\dll;C:\sybase\OCS-15_0\lib3p64;C:\sybase\OCS-15_0\lib3p;C:\sybase\OCS-15_0\dll;C:\sybase\OCS-15_0\bin;C:\Program Files\Common Files\Oracle\Java\javapath;C:\Program Files (x86)\Common Files\Oracle\Java\javapath;C:\WINDOWS\system32;C:\WINDOWS;C:\WINDOWS\System32\Wbem;C:\WINDOWS\System32\WindowsPowerShell\v1.0\;C:\WINDOWS\System32\OpenSSH\;C:\Program Files\nodejs\;C:\ProgramData\chocolatey\bin;C:\Users\LENOVO\AppData\Local\Microsoft\WindowsApps;C:\Users\LENOVO\AppData\Local\Programs\Microsoft VS Code\bin;C:\Users\LENOVO\AppData\Roaming\npm;C:\sybase\DBISQL\bin;C:\Program Files\Microsoft SQL Server\Client SDK\ODBC\170\Tools\Binn\;C:\Program Files (x86)\Microsoft SQL Server\150\Tools\Binn\;C:\Program Files\Microsoft SQL Server\150\Tools\Binn\;C:\Program Files\Microsoft SQL Server\150\DTS\Binn\;C:\Program Files (x86)\Microsoft SQL Server\150\DTS\Binn\;C:\Program Files\Azure Data Studio\bin;C:\WINDOWS\system32;C:\WINDOWS;C:\WINDOWS\System32\Wbem;C:\WINDOWS\System32\WindowsPowerShell\v1.0\;C:\WINDOWS\System32\OpenSSH\;C:\Program Files\Git\cmd;C:\Users\LENOVO\AppData\Local\Programs\Python\Python310;C:\Users\LENOVO\AppData\Local\Programs\Python\Python310\Scripts;C:\Program Files\MongoDB\Tools\100\bin;C:\Program Files\MySQL\MySQL Shell 8.0\bin\;C:\Users\LENOVO\AppData\Local\Programs\Python\Python310\;C:\Users\LENOVO\AppData\Local\Programs\Python\Python310\Scripts\;C:\Users\LENOVO\AppData\Local\Microsoft\WindowsApps;C:\Users\LENOVO\AppData\Local\Programs\Microsoft VS Code\bin;C:\Users\LENOVO\AppData\Roaming\npm;C:\Program Files\Azure Data Studio\bin;C:\Users\LENOVO\AppData\Local\GitHubDesktop\bin;C:\Oracle\instantclient_21_6;C:\MinGW\bin;C:\Program Files\MongoDB\Server\6.0\bin;C:\Users\LENOVO\AppData\Local\Programs\mongosh\;C:\Program Files (x86)\MongoDB Atlas CLI\;C:\Program Files\MongoDB\Tools\100\bin;;C:\Program Files\JetBrains\PyCharm Community Edition 2022.3.2\bin;;C:\Program Files (x86)\Java\jre-1.8\bin
JRE paths:	;C:\app\client\LENOVO\product\12.2.0\client_1;C:\app\client\LENOVO\product\12.2.0\client_1\bin;C:\sybase\DataAccess\ADONET\dll;C:\sybase\DataAccess\OLEDB\dll;C:\sybase\DataAccess\ODBC\dll;C:\sybase\OCS-15_0\lib3p64;C:\sybase\OCS-15_0\lib3p;C:\sybase\OCS-15_0\dll;C:\sybase\OCS-15_0\bin;C:\Program Files\Common Files\Oracle\Java\javapath;C:\Program Files (x86)\Common Files\Oracle\Java\javapath;C:\WINDOWS\system32;C:\WINDOWS;C:\WINDOWS\System32\Wbem;C:\WINDOWS\System32\WindowsPowerShell\v1.0\;C:\WINDOWS\System32\OpenSSH\;C:\Program Files\nodejs\;C:\ProgramData\chocolatey\bin;C:\Users\LENOVO\AppData\Local\Microsoft\WindowsApps;C:\Users\LENOVO\AppData\Local\Programs\Microsoft VS Code\bin;C:\Users\LENOVO\AppData\Roaming\npm;C:\sybase\DBISQL\bin;C:\Program Files\Microsoft SQL Server\Client SDK\ODBC\170\Tools\Binn\;C:\Program Files (x86)\Microsoft SQL Server\150\Tools\Binn\;C:\Program Files\Microsoft SQL Server\150\Tools\Binn\;C:\Program Files\Microsoft SQL Server\150\DTS\Binn\;C:\Program Files (x86)\Microsoft SQL Server\150\DTS\Binn\;C:\Program Files\Azure Data Studio\bin;C:\WINDOWS\system32;C:\WINDOWS;C:\WINDOWS\System32\Wbem;C:\WINDOWS\System32\WindowsPowerShell\v1.0\;C:\WINDOWS\System32\OpenSSH\;C:\Program Files\Git\cmd;C:\Users\LENOVO\AppData\Local\Programs\Python\Python310;C:\Users\LENOVO\AppData\Local\Programs\Python\Python310\Scripts;C:\Program Files\MongoDB\Tools\100\bin;C:\Program Files\MySQL\MySQL Shell 8.0\bin\;C:\Users\LENOVO\AppData\Local\Programs\Python\Python310\;C:\Users\LENOVO\AppData\Local\Programs\Python\Python310\Scripts\;C:\Users\LENOVO\AppData\Local\Microsoft\WindowsApps;C:\Users\LENOVO\AppData\Local\Programs\Microsoft VS Code\bin;C:\Users\LENOVO\AppData\Roaming\npm;C:\Program Files\Azure Data Studio\bin;C:\Users\LENOVO\AppData\Local\GitHubDesktop\bin;C:\Oracle\instantclient_21_6;C:\MinGW\bin;C:\Program Files\MongoDB\Server\6.0\bin;C:\Users\LENOVO\AppData\Local\Programs\mongosh\;C:\Program Files (x86)\MongoDB Atlas CLI\;C:\Program Files\MongoDB\Tools\100\bin;;C:\Program Files\JetBrains\PyCharm Community Edition 2022.3.2\bin;;C:\Program Files (x86)\Java\jre-1.8\bin
Check launcher:	C:\app\client\LENOVO\product\12.2.0\client_1\bin\javaw.exe (not found)
Check launcher:	C:\app\client\LENOVO\product\12.2.0\client_1\bin\javaw.exe (not found)
Check launcher:	C:\sybase\DataAccess\ADONET\dll\bin\javaw.exe (not found)
Check launcher:	C:\sybase\DataAccess\OLEDB\dll\bin\javaw.exe (not found)
Check launcher:	C:\sybase\DataAccess\ODBC\dll\bin\javaw.exe (not found)
Check launcher:	C:\sybase\OCS-15_0\lib3p64\bin\javaw.exe (not found)
Check launcher:	C:\sybase\OCS-15_0\lib3p\bin\javaw.exe (not found)
Check launcher:	C:\sybase\OCS-15_0\dll\bin\javaw.exe (not found)
Check launcher:	C:\sybase\OCS-15_0\bin\javaw.exe (not found)
Check launcher:	C:\Program Files\Common Files\Oracle\Java\javapath\bin\javaw.exe (not found)
Check launcher:	C:\Program Files (x86)\Common Files\Oracle\Java\javapath\bin\javaw.exe (not found)
Check launcher:	C:\WINDOWS\system32\bin\javaw.exe (not found)
Check launcher:	C:\WINDOWS\bin\javaw.exe (not found)
Check launcher:	C:\WINDOWS\System32\Wbem\bin\javaw.exe (not found)
Check launcher:	C:\WINDOWS\System32\WindowsPowerShell\v1.0\bin\javaw.exe (not found)
Check launcher:	C:\WINDOWS\System32\OpenSSH\bin\javaw.exe (not found)
Check launcher:	C:\Program Files\nodejs\bin\javaw.exe (not found)
Check launcher:	C:\ProgramData\chocolatey\bin\javaw.exe (not found)
Check launcher:	C:\Users\LENOVO\AppData\Local\Microsoft\WindowsApps\bin\javaw.exe (not found)
Check launcher:	C:\Users\LENOVO\AppData\Local\Programs\Microsoft VS Code\bin\javaw.exe (not found)
Check launcher:	C:\Users\LENOVO\AppData\Roaming\npm\bin\javaw.exe (not found)
Check launcher:	C:\sybase\DBISQL\bin\javaw.exe (not found)
Check launcher:	C:\Program Files\Microsoft SQL Server\Client SDK\ODBC\170\Tools\Binn\bin\javaw.exe (not found)
Check launcher:	C:\Program Files (x86)\Microsoft SQL Server\150\Tools\Binn\bin\javaw.exe (not found)
Check launcher:	C:\Program Files\Microsoft SQL Server\150\Tools\Binn\bin\javaw.exe (not found)
Check launcher:	C:\Program Files\Microsoft SQL Server\150\DTS\Binn\bin\javaw.exe (not found)
Check launcher:	C:\Program Files (x86)\Microsoft SQL Server\150\DTS\Binn\bin\javaw.exe (not found)
Check launcher:	C:\Program Files\Azure Data Studio\bin\javaw.exe (not found)
Check launcher:	C:\WINDOWS\system32\bin\javaw.exe (not found)
Check launcher:	C:\WINDOWS\bin\javaw.exe (not found)
Check launcher:	C:\WINDOWS\System32\Wbem\bin\javaw.exe (not found)
Check launcher:	C:\WINDOWS\System32\WindowsPowerShell\v1.0\bin\javaw.exe (not found)
Check launcher:	C:\WINDOWS\System32\OpenSSH\bin\javaw.exe (not found)
Check launcher:	C:\Program Files\Git\cmd\bin\javaw.exe (not found)
Check launcher:	C:\Users\LENOVO\AppData\Local\Programs\Python\Python310\bin\javaw.exe (not found)
Check launcher:	C:\Users\LENOVO\AppData\Local\Programs\Python\Python310\Scripts\bin\javaw.exe (not found)
Check launcher:	C:\Program Files\MongoDB\Tools\100\bin\javaw.exe (not found)
Check launcher:	C:\Program Files\MySQL\MySQL Shell 8.0\bin\bin\javaw.exe (not found)
Check launcher:	C:\Users\LENOVO\AppData\Local\Programs\Python\Python310\bin\javaw.exe (not found)
Check launcher:	C:\Users\LENOVO\AppData\Local\Programs\Python\Python310\Scripts\bin\javaw.exe (not found)
Check launcher:	C:\Users\LENOVO\AppData\Local\Microsoft\WindowsApps\bin\javaw.exe (not found)
Check launcher:	C:\Users\LENOVO\AppData\Local\Programs\Microsoft VS Code\bin\javaw.exe (not found)
Check launcher:	C:\Users\LENOVO\AppData\Roaming\npm\bin\javaw.exe (not found)
Check launcher:	C:\Program Files\Azure Data Studio\bin\javaw.exe (not found)
Check launcher:	C:\Users\LENOVO\AppData\Local\GitHubDesktop\bin\javaw.exe (not found)
Check launcher:	C:\Oracle\instantclient_21_6\bin\javaw.exe (not found)
Check launcher:	C:\MinGW\bin\javaw.exe (not found)
Check launcher:	C:\Program Files\MongoDB\Server\6.0\bin\javaw.exe (not found)
Check launcher:	C:\Users\LENOVO\AppData\Local\Programs\mongosh\bin\javaw.exe (not found)
Check launcher:	C:\Program Files (x86)\MongoDB Atlas CLI\bin\javaw.exe (not found)
Check launcher:	C:\Program Files\MongoDB\Tools\100\bin\javaw.exe (not found)
Check launcher:	C:\Program Files\JetBrains\PyCharm Community Edition 2022.3.2\bin\javaw.exe (not found)
Check launcher:	C:\Program Files (x86)\Java\jre-1.8\bin\javaw.exe (OK)
Check javac:	C:\Program Files (x86)\Java\jre-1.8\bin\javac.exe (not found)
Error msg:	This application requires a Java Runtime Environment.


Version:	3.50
CmdLine:	C:\Users\LENOVO\Documents\NetBeansProjects\pruebaBC\Bogota elige - JAR\Bogota elige2.exe --l4j-debug
JNI:		No
WOW64:		Yes
Working dir:	C:\Users\LENOVO\Documents\NetBeansProjects\pruebaBC\Bogota elige - JAR\.
Requires JDK:	No
Requires 64-Bit: No
Java min ver:	
Java max ver:	
Substitute:	JAVA_HOME = C:\Program Files\Eclipse Adoptium\jdk-21.0.1.12-hotspot\
Substitute:	PATH = C:\Program Files\Eclipse Adoptium\jdk-21.0.1.12-hotspot\bin;C:\app\client\LENOVO\product\12.2.0\client_1;C:\app\client\LENOVO\product\12.2.0\client_1\bin;C:\sybase\DataAccess\ADONET\dll;C:\sybase\DataAccess\OLEDB\dll;C:\sybase\DataAccess\ODBC\dll;C:\sybase\OCS-15_0\lib3p64;C:\sybase\OCS-15_0\lib3p;C:\sybase\OCS-15_0\dll;C:\sybase\OCS-15_0\bin;C:\WINDOWS\system32;C:\WINDOWS;C:\WINDOWS\System32\Wbem;C:\WINDOWS\System32\WindowsPowerShell\v1.0\;C:\WINDOWS\System32\OpenSSH\;C:\Program Files\nodejs\;C:\ProgramData\chocolatey\bin;C:\Users\LENOVO\AppData\Local\Microsoft\WindowsApps;C:\Users\LENOVO\AppData\Local\Programs\Microsoft VS Code\bin;C:\Users\LENOVO\AppData\Roaming\npm;C:\sybase\DBISQL\bin;C:\Program Files\Microsoft SQL Server\Client SDK\ODBC\170\Tools\Binn\;C:\Program Files (x86)\Microsoft SQL Server\150\Tools\Binn\;C:\Program Files\Microsoft SQL Server\150\Tools\Binn\;C:\Program Files\Microsoft SQL Server\150\DTS\Binn\;C:\Program Files (x86)\Microsoft SQL Server\150\DTS\Binn\;C:\Program Files\Azure Data Studio\bin;C:\WINDOWS\system32;C:\WINDOWS;C:\WINDOWS\System32\Wbem;C:\WINDOWS\System32\WindowsPowerShell\v1.0\;C:\WINDOWS\System32\OpenSSH\;C:\Program Files\Git\cmd;C:\Users\LENOVO\AppData\Local\Programs\Python\Python310;C:\Users\LENOVO\AppData\Local\Programs\Python\Python310\Scripts;C:\Program Files\MongoDB\Tools\100\bin;C:\Program Files\MySQL\MySQL Shell 8.0\bin\;C:\Users\LENOVO\AppData\Local\Programs\Python\Python310\;C:\Users\LENOVO\AppData\Local\Programs\Python\Python310\Scripts\;C:\Users\LENOVO\AppData\Local\Microsoft\WindowsApps;C:\Users\LENOVO\AppData\Local\Programs\Microsoft VS Code\bin;C:\Users\LENOVO\AppData\Roaming\npm;C:\Program Files\Azure Data Studio\bin;C:\Users\LENOVO\AppData\Local\GitHubDesktop\bin;C:\Oracle\instantclient_21_6;C:\MinGW\bin;C:\Program Files\MongoDB\Server\6.0\bin;C:\Users\LENOVO\AppData\Local\Programs\mongosh\;C:\Program Files (x86)\MongoDB Atlas CLI\;C:\Program Files\MongoDB\Tools\100\bin;C:\Program Files\JetBrains\PyCharm Community Edition 2022.3.2\bin;;;C:\Program Files\Eclipse Adoptium\jdk-21.0.1.12-hotspot\\bin
JRE paths:	C:\Program Files\Eclipse Adoptium\jdk-21.0.1.12-hotspot\;C:\Program Files\Eclipse Adoptium\jdk-21.0.1.12-hotspot\bin;C:\app\client\LENOVO\product\12.2.0\client_1;C:\app\client\LENOVO\product\12.2.0\client_1\bin;C:\sybase\DataAccess\ADONET\dll;C:\sybase\DataAccess\OLEDB\dll;C:\sybase\DataAccess\ODBC\dll;C:\sybase\OCS-15_0\lib3p64;C:\sybase\OCS-15_0\lib3p;C:\sybase\OCS-15_0\dll;C:\sybase\OCS-15_0\bin;C:\WINDOWS\system32;C:\WINDOWS;C:\WINDOWS\System32\Wbem;C:\WINDOWS\System32\WindowsPowerShell\v1.0\;C:\WINDOWS\System32\OpenSSH\;C:\Program Files\nodejs\;C:\ProgramData\chocolatey\bin;C:\Users\LENOVO\AppData\Local\Microsoft\WindowsApps;C:\Users\LENOVO\AppData\Local\Programs\Microsoft VS Code\bin;C:\Users\LENOVO\AppData\Roaming\npm;C:\sybase\DBISQL\bin;C:\Program Files\Microsoft SQL Server\Client SDK\ODBC\170\Tools\Binn\;C:\Program Files (x86)\Microsoft SQL Server\150\Tools\Binn\;C:\Program Files\Microsoft SQL Server\150\Tools\Binn\;C:\Program Files\Microsoft SQL Server\150\DTS\Binn\;C:\Program Files (x86)\Microsoft SQL Server\150\DTS\Binn\;C:\Program Files\Azure Data Studio\bin;C:\WINDOWS\system32;C:\WINDOWS;C:\WINDOWS\System32\Wbem;C:\WINDOWS\System32\WindowsPowerShell\v1.0\;C:\WINDOWS\System32\OpenSSH\;C:\Program Files\Git\cmd;C:\Users\LENOVO\AppData\Local\Programs\Python\Python310;C:\Users\LENOVO\AppData\Local\Programs\Python\Python310\Scripts;C:\Program Files\MongoDB\Tools\100\bin;C:\Program Files\MySQL\MySQL Shell 8.0\bin\;C:\Users\LENOVO\AppData\Local\Programs\Python\Python310\;C:\Users\LENOVO\AppData\Local\Programs\Python\Python310\Scripts\;C:\Users\LENOVO\AppData\Local\Microsoft\WindowsApps;C:\Users\LENOVO\AppData\Local\Programs\Microsoft VS Code\bin;C:\Users\LENOVO\AppData\Roaming\npm;C:\Program Files\Azure Data Studio\bin;C:\Users\LENOVO\AppData\Local\GitHubDesktop\bin;C:\Oracle\instantclient_21_6;C:\MinGW\bin;C:\Program Files\MongoDB\Server\6.0\bin;C:\Users\LENOVO\AppData\Local\Programs\mongosh\;C:\Program Files (x86)\MongoDB Atlas CLI\;C:\Program Files\MongoDB\Tools\100\bin;C:\Program Files\JetBrains\PyCharm Community Edition 2022.3.2\bin;;;C:\Program Files\Eclipse Adoptium\jdk-21.0.1.12-hotspot\\bin
Check launcher:	C:\Program Files\Eclipse Adoptium\jdk-21.0.1.12-hotspot\bin\javaw.exe (OK)
Version string: 1.021.000_001 / 64-Bit (OK)
Launcher:	C:\Program Files\Eclipse Adoptium\jdk-21.0.1.12-hotspot\bin\javaw.exe
Launcher args:	-jar "C:\Users\LENOVO\Documents\NetBeansProjects\pruebaBC\Bogota elige - JAR\Bogota elige2.exe"
Args length:	95/32768 chars
Exit code:	0


Version:	3.50
CmdLine:	C:\Users\LENOVO\Documents\NetBeansProjects\pruebaBC\Bogota elige - JAR\Bogota elige2.exe --l4j-debug
JNI:		No
WOW64:		Yes
Working dir:	C:\Users\LENOVO\Documents\NetBeansProjects\pruebaBC\Bogota elige - JAR\.
Requires JDK:	No
Requires 64-Bit: No
Java min ver:	
Java max ver:	
Substitute:	JAVA_HOME = C:\Program Files\Eclipse Adoptium\jdk-21.0.1.12-hotspot\
Substitute:	PATH = C:\Program Files\Eclipse Adoptium\jdk-21.0.1.12-hotspot\bin;C:\app\client\LENOVO\product\12.2.0\client_1;C:\app\client\LENOVO\product\12.2.0\client_1\bin;C:\sybase\DataAccess\ADONET\dll;C:\sybase\DataAccess\OLEDB\dll;C:\sybase\DataAccess\ODBC\dll;C:\sybase\OCS-15_0\lib3p64;C:\sybase\OCS-15_0\lib3p;C:\sybase\OCS-15_0\dll;C:\sybase\OCS-15_0\bin;C:\WINDOWS\system32;C:\WINDOWS;C:\WINDOWS\System32\Wbem;C:\WINDOWS\System32\WindowsPowerShell\v1.0\;C:\WINDOWS\System32\OpenSSH\;C:\Program Files\nodejs\;C:\ProgramData\chocolatey\bin;C:\Users\LENOVO\AppData\Local\Microsoft\WindowsApps;C:\Users\LENOVO\AppData\Local\Programs\Microsoft VS Code\bin;C:\Users\LENOVO\AppData\Roaming\npm;C:\sybase\DBISQL\bin;C:\Program Files\Microsoft SQL Server\Client SDK\ODBC\170\Tools\Binn\;C:\Program Files (x86)\Microsoft SQL Server\150\Tools\Binn\;C:\Program Files\Microsoft SQL Server\150\Tools\Binn\;C:\Program Files\Microsoft SQL Server\150\DTS\Binn\;C:\Program Files (x86)\Microsoft SQL Server\150\DTS\Binn\;C:\Program Files\Azure Data Studio\bin;C:\WINDOWS\system32;C:\WINDOWS;C:\WINDOWS\System32\Wbem;C:\WINDOWS\System32\WindowsPowerShell\v1.0\;C:\WINDOWS\System32\OpenSSH\;C:\Program Files\Git\cmd;C:\Users\LENOVO\AppData\Local\Programs\Python\Python310;C:\Users\LENOVO\AppData\Local\Programs\Python\Python310\Scripts;C:\Program Files\MongoDB\Tools\100\bin;C:\Program Files\MySQL\MySQL Shell 8.0\bin\;C:\Users\LENOVO\AppData\Local\Programs\Python\Python310\;C:\Users\LENOVO\AppData\Local\Programs\Python\Python310\Scripts\;C:\Users\LENOVO\AppData\Local\Microsoft\WindowsApps;C:\Users\LENOVO\AppData\Local\Programs\Microsoft VS Code\bin;C:\Users\LENOVO\AppData\Roaming\npm;C:\Program Files\Azure Data Studio\bin;C:\Users\LENOVO\AppData\Local\GitHubDesktop\bin;C:\Oracle\instantclient_21_6;C:\MinGW\bin;C:\Program Files\MongoDB\Server\6.0\bin;C:\Users\LENOVO\AppData\Local\Programs\mongosh\;C:\Program Files (x86)\MongoDB Atlas CLI\;C:\Program Files\MongoDB\Tools\100\bin;C:\Program Files\JetBrains\PyCharm Community Edition 2022.3.2\bin;;;C:\Program Files\Eclipse Adoptium\jdk-21.0.1.12-hotspot\\bin
JRE paths:	C:\Program Files\Eclipse Adoptium\jdk-21.0.1.12-hotspot\;C:\Program Files\Eclipse Adoptium\jdk-21.0.1.12-hotspot\bin;C:\app\client\LENOVO\product\12.2.0\client_1;C:\app\client\LENOVO\product\12.2.0\client_1\bin;C:\sybase\DataAccess\ADONET\dll;C:\sybase\DataAccess\OLEDB\dll;C:\sybase\DataAccess\ODBC\dll;C:\sybase\OCS-15_0\lib3p64;C:\sybase\OCS-15_0\lib3p;C:\sybase\OCS-15_0\dll;C:\sybase\OCS-15_0\bin;C:\WINDOWS\system32;C:\WINDOWS;C:\WINDOWS\System32\Wbem;C:\WINDOWS\System32\WindowsPowerShell\v1.0\;C:\WINDOWS\System32\OpenSSH\;C:\Program Files\nodejs\;C:\ProgramData\chocolatey\bin;C:\Users\LENOVO\AppData\Local\Microsoft\WindowsApps;C:\Users\LENOVO\AppData\Local\Programs\Microsoft VS Code\bin;C:\Users\LENOVO\AppData\Roaming\npm;C:\sybase\DBISQL\bin;C:\Program Files\Microsoft SQL Server\Client SDK\ODBC\170\Tools\Binn\;C:\Program Files (x86)\Microsoft SQL Server\150\Tools\Binn\;C:\Program Files\Microsoft SQL Server\150\Tools\Binn\;C:\Program Files\Microsoft SQL Server\150\DTS\Binn\;C:\Program Files (x86)\Microsoft SQL Server\150\DTS\Binn\;C:\Program Files\Azure Data Studio\bin;C:\WINDOWS\system32;C:\WINDOWS;C:\WINDOWS\System32\Wbem;C:\WINDOWS\System32\WindowsPowerShell\v1.0\;C:\WINDOWS\System32\OpenSSH\;C:\Program Files\Git\cmd;C:\Users\LENOVO\AppData\Local\Programs\Python\Python310;C:\Users\LENOVO\AppData\Local\Programs\Python\Python310\Scripts;C:\Program Files\MongoDB\Tools\100\bin;C:\Program Files\MySQL\MySQL Shell 8.0\bin\;C:\Users\LENOVO\AppData\Local\Programs\Python\Python310\;C:\Users\LENOVO\AppData\Local\Programs\Python\Python310\Scripts\;C:\Users\LENOVO\AppData\Local\Microsoft\WindowsApps;C:\Users\LENOVO\AppData\Local\Programs\Microsoft VS Code\bin;C:\Users\LENOVO\AppData\Roaming\npm;C:\Program Files\Azure Data Studio\bin;C:\Users\LENOVO\AppData\Local\GitHubDesktop\bin;C:\Oracle\instantclient_21_6;C:\MinGW\bin;C:\Program Files\MongoDB\Server\6.0\bin;C:\Users\LENOVO\AppData\Local\Programs\mongosh\;C:\Program Files (x86)\MongoDB Atlas CLI\;C:\Program Files\MongoDB\Tools\100\bin;C:\Program Files\JetBrains\PyCharm Community Edition 2022.3.2\bin;;;C:\Program Files\Eclipse Adoptium\jdk-21.0.1.12-hotspot\\bin
Check launcher:	C:\Program Files\Eclipse Adoptium\jdk-21.0.1.12-hotspot\bin\javaw.exe (OK)
Version string: 1.021.000_001 / 64-Bit (OK)
Launcher:	C:\Program Files\Eclipse Adoptium\jdk-21.0.1.12-hotspot\bin\javaw.exe
Launcher args:	-jar "C:\Users\LENOVO\Documents\NetBeansProjects\pruebaBC\Bogota elige - JAR\Bogota elige2.exe"
Args length:	95/32768 chars
Exit code:	0
